<?xml version="1.0" encoding="UTF-8"?>
<testng-results skipped="0" failed="0" ignored="0" total="1" passed="1">
  <reporter-output>
  </reporter-output>
  <suite name="Default suite" duration-ms="11262" started-at="2020-02-05T22:16:27Z" finished-at="2020-02-05T22:16:38Z">
    <groups>
    </groups>
    <test name="Default test" duration-ms="11262" started-at="2020-02-05T22:16:27Z" finished-at="2020-02-05T22:16:38Z">
      <class name="com.sample.maven.hello">
        <test-method status="PASS" signature="login()[pri:0, instance:com.sample.maven.hello@724af044]" name="login" duration-ms="11244" started-at="2020-02-05T22:16:27Z" finished-at="2020-02-05T22:16:38Z">
          <reporter-output>
          </reporter-output>
        </test-method> <!-- login -->
      </class> <!-- com.sample.maven.hello -->
    </test> <!-- Default test -->
  </suite> <!-- Default suite -->
</testng-results>
