<?xml version="1.0" encoding="UTF-8"?>
<testng-results skipped="0" failed="0" ignored="0" total="1" passed="1">
  <reporter-output>
  </reporter-output>
  <suite name="Default suite" duration-ms="7571" started-at="2019-11-15T00:06:17Z" finished-at="2019-11-15T00:06:24Z">
    <groups>
    </groups>
    <test name="Default test" duration-ms="7571" started-at="2019-11-15T00:06:17Z" finished-at="2019-11-15T00:06:24Z">
      <class name="com.practicetest.sampletestng">
        <test-method status="PASS" signature="launch()[pri:0, instance:com.practicetest.sampletestng@27efef64]" name="launch" duration-ms="7548" started-at="2019-11-15T00:06:17Z" finished-at="2019-11-15T00:06:24Z">
          <reporter-output>
          </reporter-output>
        </test-method> <!-- launch -->
      </class> <!-- com.practicetest.sampletestng -->
    </test> <!-- Default test -->
  </suite> <!-- Default suite -->
</testng-results>
