<?xml version="1.0" encoding="UTF-8"?>
<testng-results skipped="0" failed="0" ignored="0" total="1" passed="1">
  <reporter-output>
  </reporter-output>
  <suite name="Default suite" duration-ms="2813" started-at="2020-01-23T02:25:29Z" finished-at="2020-01-23T02:25:32Z">
    <groups>
    </groups>
    <test name="Default test" duration-ms="2813" started-at="2020-01-23T02:25:29Z" finished-at="2020-01-23T02:25:32Z">
      <class name="getrequest.Post_delete">
        <test-method status="PASS" signature="test1()[pri:0, instance:getrequest.Post_delete@39aeed2f]" name="test1" duration-ms="2780" started-at="2020-01-23T02:25:29Z" finished-at="2020-01-23T02:25:32Z">
          <reporter-output>
          </reporter-output>
        </test-method> <!-- test1 -->
      </class> <!-- getrequest.Post_delete -->
    </test> <!-- Default test -->
  </suite> <!-- Default suite -->
</testng-results>
