<?xml version="1.0" encoding="UTF-8"?>
<testng-results skipped="0" failed="0" ignored="0" total="1" passed="1">
  <reporter-output>
  </reporter-output>
  <suite name="Default suite" duration-ms="14142" started-at="2021-01-21T04:47:09Z" finished-at="2021-01-21T04:47:23Z">
    <groups>
    </groups>
    <test name="Default test" duration-ms="14142" started-at="2021-01-21T04:47:09Z" finished-at="2021-01-21T04:47:23Z">
      <class name="com.goosamp.goosamp">
        <test-method status="PASS" signature="method()[pri:0, instance:com.goosamp.goosamp@724af044]" name="method" duration-ms="14124" started-at="2021-01-21T04:47:09Z" finished-at="2021-01-21T04:47:23Z">
          <reporter-output>
          </reporter-output>
        </test-method> <!-- method -->
      </class> <!-- com.goosamp.goosamp -->
    </test> <!-- Default test -->
  </suite> <!-- Default suite -->
</testng-results>
